<?xml version="1.0" encoding="UTF-8"?>
<testsuite name="ListTest" tests="1" skipped="0" failures="0" errors="0" timestamp="2023-08-10T06:17:00" hostname="HOME-PC" time="313.853">
  <properties/>
  <testcase name="Тест приложения Случайных чисел - Список" classname="ListTest" time="313.853"/>
  <system-out><![CDATA[We are here
???????1
Generate first - without parametr
Back to the list
Second click List - check repeat
Click parametrs
Apply param
check repeat - 5 click
Back to the list
Third click List - check quantity
Click parametrs
repeat disable
quantity enable
Apply param
check quantity - 5 click
Back to the list
For click List - check delay
Click parametrs
quantity disable
delay enable
Apply param
check quantity - 5 click
Back to the list
Five click List - check all param
Click parametrs
repeat enable
quantity enable
delay enable
Apply param
check all
find 1 comma
Back to the list
We have congratulations
]]></system-out>
  <system-err><![CDATA[???. 10, 2023 12:17:00 PM io.appium.java_client.remote.AppiumCommandExecutor$1 lambda$0
INFO: Detected dialect: W3C
???. 10, 2023 12:17:20 PM EventListener afterFindBy
INFO: Find element By.chained({By.AndroidUIAutomator: new UiSelector().textContains("??????")})
???. 10, 2023 12:17:42 PM EventListener afterFindBy
INFO: Find element By.chained({By.id: ru.uxapps.random:id/f_list_et})
???. 10, 2023 12:17:42 PM EventListener afterFindBy
INFO: Find element By.chained({By.id: ru.uxapps.random:id/f_list_et})
???. 10, 2023 12:17:43 PM EventListener afterFindBy
INFO: Find element By.chained({By.id: ru.uxapps.random:id/f_list_et})
???. 10, 2023 12:17:44 PM EventListener afterFindBy
INFO: Find element By.chained({By.id: ru.uxapps.random:id/v_trigger_fab})
???. 10, 2023 12:17:45 PM EventListener afterFindBy
INFO: Find element By.chained({By.id: ru.uxapps.random:id/v_trigger_fab})
???. 10, 2023 12:17:46 PM EventListener afterFindBy
INFO: Find element By.chained({By.id: ru.uxapps.random:id/v_trigger_fab})
???. 10, 2023 12:17:48 PM EventListener afterFindBy
INFO: Find element By.chained({By.xpath: //android.widget.LinearLayout/android.view.ViewGroup/android.widget.ImageButton})
???. 10, 2023 12:18:09 PM EventListener afterFindBy
INFO: Find element By.chained({By.AndroidUIAutomator: new UiSelector().textContains("??????")})
???. 10, 2023 12:18:30 PM EventListener afterFindBy
INFO: Find element By.chained({By.id: ru.uxapps.random:id/v_param_add_features})
???. 10, 2023 12:18:31 PM EventListener afterFindBy
INFO: Find element By.chained({By.id: ru.uxapps.random:id/d_feat_set_no_rep_switch})
???. 10, 2023 12:18:32 PM EventListener afterFindBy
INFO: Find element By.chained({By.id: android:id/button1})
???. 10, 2023 12:18:33 PM EventListener afterFindBy
INFO: Find element By.chained({By.id: ru.uxapps.random:id/v_trigger_fab})
???. 10, 2023 12:18:34 PM EventListener afterFindBy
INFO: Find element By.chained({By.id: ru.uxapps.random:id/v_trigger_fab})
???. 10, 2023 12:18:35 PM EventListener afterFindBy
INFO: Find element By.chained({By.id: ru.uxapps.random:id/v_trigger_fab})
???. 10, 2023 12:18:36 PM EventListener afterFindBy
INFO: Find element By.chained({By.id: ru.uxapps.random:id/v_trigger_fab})
???. 10, 2023 12:18:38 PM EventListener afterFindBy
INFO: Find element By.chained({By.xpath: //android.widget.LinearLayout/android.view.ViewGroup/android.widget.ImageButton})
???. 10, 2023 12:18:59 PM EventListener afterFindBy
INFO: Find element By.chained({By.AndroidUIAutomator: new UiSelector().textContains("??????")})
???. 10, 2023 12:19:20 PM EventListener afterFindBy
INFO: Find element By.chained({By.id: ru.uxapps.random:id/v_param_add_features})
???. 10, 2023 12:19:21 PM EventListener afterFindBy
INFO: Find element By.chained({By.id: ru.uxapps.random:id/d_feat_set_no_rep_switch})
???. 10, 2023 12:19:21 PM EventListener afterFindBy
INFO: Find element By.chained({By.id: ru.uxapps.random:id/d_feat_set_quantity_switch})
???. 10, 2023 12:19:22 PM EventListener afterFindBy
INFO: Find element By.chained({By.id: android:id/button1})
???. 10, 2023 12:19:24 PM EventListener afterFindBy
INFO: Find element By.chained({By.id: ru.uxapps.random:id/v_params_quantity_et})
???. 10, 2023 12:19:25 PM EventListener afterFindBy
INFO: Find element By.chained({By.id: ru.uxapps.random:id/v_trigger_fab})
???. 10, 2023 12:19:26 PM EventListener afterFindBy
INFO: Find element By.chained({By.id: ru.uxapps.random:id/v_trigger_fab})
???. 10, 2023 12:19:27 PM EventListener afterFindBy
INFO: Find element By.chained({By.id: ru.uxapps.random:id/v_trigger_fab})
???. 10, 2023 12:19:28 PM EventListener afterFindBy
INFO: Find element By.chained({By.id: ru.uxapps.random:id/v_trigger_fab})
???. 10, 2023 12:19:30 PM EventListener afterFindBy
INFO: Find element By.chained({By.xpath: //android.widget.LinearLayout/android.view.ViewGroup/android.widget.ImageButton})
???. 10, 2023 12:19:50 PM EventListener afterFindBy
INFO: Find element By.chained({By.AndroidUIAutomator: new UiSelector().textContains("??????")})
???. 10, 2023 12:20:11 PM EventListener afterFindBy
INFO: Find element By.chained({By.id: ru.uxapps.random:id/v_param_add_features})
???. 10, 2023 12:20:12 PM EventListener afterFindBy
INFO: Find element By.chained({By.id: ru.uxapps.random:id/d_feat_set_quantity_switch})
???. 10, 2023 12:20:13 PM EventListener afterFindBy
INFO: Find element By.chained({By.id: ru.uxapps.random:id/d_feat_set_delay_switch})
???. 10, 2023 12:20:14 PM EventListener afterFindBy
INFO: Find element By.chained({By.id: android:id/button1})
???. 10, 2023 12:20:14 PM EventListener afterFindBy
INFO: Find element By.chained({By.id: ru.uxapps.random:id/v_params_delay_et})
???. 10, 2023 12:20:15 PM EventListener afterFindBy
INFO: Find element By.chained({By.id: ru.uxapps.random:id/v_trigger_fab})
???. 10, 2023 12:20:19 PM EventListener afterFindBy
INFO: Find element By.chained({By.id: ru.uxapps.random:id/v_trigger_fab})
???. 10, 2023 12:20:23 PM EventListener afterFindBy
INFO: Find element By.chained({By.id: ru.uxapps.random:id/v_trigger_fab})
???. 10, 2023 12:20:27 PM EventListener afterFindBy
INFO: Find element By.chained({By.id: ru.uxapps.random:id/v_trigger_fab})
???. 10, 2023 12:20:31 PM EventListener afterFindBy
INFO: Find element By.chained({By.xpath: //android.widget.LinearLayout/android.view.ViewGroup/android.widget.ImageButton})
???. 10, 2023 12:20:51 PM EventListener afterFindBy
INFO: Find element By.chained({By.AndroidUIAutomator: new UiSelector().textContains("??????")})
???. 10, 2023 12:21:12 PM EventListener afterFindBy
INFO: Find element By.chained({By.id: ru.uxapps.random:id/v_param_add_features})
???. 10, 2023 12:21:13 PM EventListener afterFindBy
INFO: Find element By.chained({By.id: ru.uxapps.random:id/d_feat_set_no_rep_switch})
???. 10, 2023 12:21:14 PM EventListener afterFindBy
INFO: Find element By.chained({By.id: ru.uxapps.random:id/d_feat_set_quantity_switch})
???. 10, 2023 12:21:15 PM EventListener afterFindBy
INFO: Find element By.chained({By.id: android:id/button1})
???. 10, 2023 12:21:15 PM EventListener afterFindBy
INFO: Find element By.chained({By.id: ru.uxapps.random:id/v_params_quantity_et})
???. 10, 2023 12:21:17 PM EventListener afterFindBy
INFO: Find element By.chained({By.id: ru.uxapps.random:id/v_params_delay_et})
???. 10, 2023 12:21:18 PM EventListener afterFindBy
INFO: Find element By.chained({By.id: ru.uxapps.random:id/v_trigger_fab})
???. 10, 2023 12:21:22 PM EventListener afterFindBy
INFO: Find element By.chained({By.AndroidUIAutomator: new UiSelector().textContains(",")})
???. 10, 2023 12:21:22 PM EventListener afterFindBy
INFO: Find element By.chained({By.id: ru.uxapps.random:id/v_trigger_fab})
???. 10, 2023 12:21:26 PM EventListener afterFindBy
INFO: Find element By.chained({By.id: ru.uxapps.random:id/v_trigger_fab})
???. 10, 2023 12:21:31 PM EventListener afterFindBy
INFO: Find element By.chained({By.id: ru.uxapps.random:id/v_trigger_fab})
???. 10, 2023 12:21:35 PM EventListener afterFindBy
INFO: Find element By.chained({By.xpath: //android.widget.LinearLayout/android.view.ViewGroup/android.widget.ImageButton})
???. 10, 2023 12:21:45 PM EventListener afterFindBy
INFO: Find element By.chained({By.id: ru.uxapps.random:id/i_add_list})
???. 10, 2023 12:22:06 PM EventListener afterFindBy
INFO: Find element By.chained({By.id: ru.uxapps.random:id/d_new_list_et})
???. 10, 2023 12:22:07 PM EventListener afterFindBy
INFO: Find element By.chained({By.id: android:id/button1})
???. 10, 2023 12:22:09 PM EventListener afterFindBy
INFO: Find element By.chained({By.id: ru.uxapps.random:id/m_list_custom_rename})
???. 10, 2023 12:22:09 PM EventListener afterFindBy
INFO: Find element By.chained({By.id: ru.uxapps.random:id/d_new_list_et})
???. 10, 2023 12:22:11 PM EventListener afterFindBy
INFO: Find element By.chained({By.id: android:id/button1})
???. 10, 2023 12:22:12 PM EventListener afterFindBy
INFO: Find element By.chained({By.id: ru.uxapps.random:id/v_trigger_fab})
???. 10, 2023 12:22:12 PM EventListener afterFindBy
INFO: Find element By.chained({By.id: ru.uxapps.random:id/v_trigger_fab})
???. 10, 2023 12:22:14 PM EventListener afterFindBy
INFO: Find element By.chained({By.id: ru.uxapps.random:id/v_trigger_fab})
]]></system-err>
</testsuite>
