<?xml version="1.0" encoding="UTF-8"?>
<testsuite name="LotTest" tests="1" skipped="0" failures="0" errors="0" timestamp="2023-08-10T06:22:22" hostname="HOME-PC" time="138.606">
  <properties/>
  <testcase name="Тест приложения Случайных чисел - Жребий" classname="LotTest" time="138.606"/>
  <system-out><![CDATA[Generate first - without parameter
Back to the LotList
Second click LotList - check other number
Back to the list
Third click LotList - check other number
]]></system-out>
  <system-err><![CDATA[???. 10, 2023 12:22:22 PM io.appium.java_client.remote.AppiumCommandExecutor$1 lambda$0
INFO: Detected dialect: W3C
???. 10, 2023 12:22:43 PM EventListener afterFindBy
INFO: Find element By.chained({By.AndroidUIAutomator: new UiSelector().textContains("??????")})
???. 10, 2023 12:23:04 PM EventListener afterFindBy
INFO: Find element By.chained({By.id: ru.uxapps.random:id/v_trigger_fab})
???. 10, 2023 12:23:05 PM EventListener afterFindBy
INFO: Find element By.chained({By.id: ru.uxapps.random:id/v_trigger_fab})
???. 10, 2023 12:23:06 PM EventListener afterFindBy
INFO: Find element By.chained({By.id: ru.uxapps.random:id/v_trigger_fab})
???. 10, 2023 12:23:08 PM EventListener afterFindBy
INFO: Find element By.chained({By.xpath: //android.widget.LinearLayout/android.view.ViewGroup/android.widget.ImageButton})
???. 10, 2023 12:23:28 PM EventListener afterFindBy
INFO: Find element By.chained({By.AndroidUIAutomator: new UiSelector().textContains("??????")})
???. 10, 2023 12:23:49 PM EventListener afterFindBy
INFO: Find element By.chained({By.id: ru.uxapps.random:id/f_lots_total_et})
???. 10, 2023 12:23:51 PM EventListener afterFindBy
INFO: Find element By.chained({By.id: ru.uxapps.random:id/f_lots_marked_et})
???. 10, 2023 12:23:51 PM EventListener afterFindBy
INFO: Find element By.chained({By.id: ru.uxapps.random:id/v_trigger_fab})
???. 10, 2023 12:23:53 PM EventListener afterFindBy
INFO: Find element By.chained({By.id: ru.uxapps.random:id/v_trigger_fab})
???. 10, 2023 12:23:54 PM EventListener afterFindBy
INFO: Find element By.chained({By.xpath: //android.widget.LinearLayout/android.view.ViewGroup/android.widget.ImageButton})
???. 10, 2023 12:24:15 PM EventListener afterFindBy
INFO: Find element By.chained({By.AndroidUIAutomator: new UiSelector().textContains("??????")})
???. 10, 2023 12:24:36 PM EventListener afterFindBy
INFO: Find element By.chained({By.id: ru.uxapps.random:id/f_lots_total_et})
???. 10, 2023 12:24:37 PM EventListener afterFindBy
INFO: Find element By.chained({By.id: ru.uxapps.random:id/f_lots_marked_et})
???. 10, 2023 12:24:38 PM EventListener afterFindBy
INFO: Find element By.chained({By.id: ru.uxapps.random:id/v_trigger_fab})
???. 10, 2023 12:24:39 PM EventListener afterFindBy
INFO: Find element By.chained({By.id: ru.uxapps.random:id/v_trigger_fab})
]]></system-err>
</testsuite>
