<?xml version="1.0" encoding="UTF-8"?>
<testsuite name="NumberTest" tests="1" skipped="0" failures="0" errors="0" timestamp="2023-08-10T06:24:49" hostname="HOME-PC" time="43.063">
  <properties/>
  <testcase name="Тест приложения Случайных чисел - без настроек" classname="NumberTest" time="43.063"/>
  <system-out><![CDATA[????? ?????
???????? ?????????
???????????? ?????????
Generate first
Located by By.chained({By.xpath: //android.widget.ScrollView/android.widget.TextView[@text="1"]})
Located by By.chained({By.AndroidUIAutomator: new UiSelector().textContains("1")})
if 1 generate
]]></system-out>
  <system-err><![CDATA[???. 10, 2023 12:24:49 PM io.appium.java_client.remote.AppiumCommandExecutor$1 lambda$0
INFO: Detected dialect: W3C
???. 10, 2023 12:24:59 PM EventListener afterFindBy
INFO: Find element By.chained({By.xpath: //android.support.v7.widget.RecyclerView/android.widget.FrameLayout[1]})
???. 10, 2023 12:25:20 PM EventListener afterFindBy
INFO: Find element By.chained({By.id: ru.uxapps.random:id/f_num_from_et})
???. 10, 2023 12:25:22 PM EventListener afterFindBy
INFO: Find element By.chained({By.id: ru.uxapps.random:id/f_num_from_et})
???. 10, 2023 12:25:22 PM EventListener afterFindBy
INFO: Find element By.chained({By.id: ru.uxapps.random:id/f_num_to})
???. 10, 2023 12:25:23 PM EventListener afterFindBy
INFO: Find element By.chained({By.id: ru.uxapps.random:id/f_num_to})
???. 10, 2023 12:25:24 PM EventListener afterFindBy
INFO: Find element By.chained({By.id: ru.uxapps.random:id/v_param_add_features})
???. 10, 2023 12:25:24 PM EventListener afterFindBy
INFO: Find element By.chained({By.id: ru.uxapps.random:id/d_feat_set_no_rep_switch})
???. 10, 2023 12:25:26 PM EventListener afterFindBy
INFO: Find element By.chained({By.id: ru.uxapps.random:id/d_feat_set_quantity_switch})
???. 10, 2023 12:25:27 PM EventListener afterFindBy
INFO: Find element By.chained({By.id: ru.uxapps.random:id/d_feat_set_delay_switch})
???. 10, 2023 12:25:27 PM EventListener afterFindBy
INFO: Find element By.chained({By.id: android:id/button1})
???. 10, 2023 12:25:28 PM EventListener afterFindBy
INFO: Find element By.chained({By.id: ru.uxapps.random:id/v_trigger_fab})
???. 10, 2023 12:25:30 PM EventListener afterFindBy
INFO: Find element By.chained({By.AndroidUIAutomator: new UiSelector().textContains("1")})
???. 10, 2023 12:25:30 PM EventListener afterFindBy
INFO: Find element By.chained({By.id: ru.uxapps.random:id/v_trigger_fab})
???. 10, 2023 12:25:31 PM EventListener afterFindBy
INFO: Find element By.chained({By.id: ru.uxapps.random:id/v_trigger_fab})
???. 10, 2023 12:25:32 PM EventListener afterFindBy
INFO: Find element By.chained({By.id: ru.uxapps.random:id/v_trigger_fab})
]]></system-err>
</testsuite>
