<?xml version="1.0" encoding="UTF-8"?>
<testsuite name="CoinTest" tests="1" skipped="0" failures="0" errors="0" timestamp="2023-08-10T06:12:44" hostname="HOME-PC" time="93.255">
  <properties/>
  <testcase name="Тест приложения Случайных чисел - Монетка" classname="CoinTest" time="93.255"/>
  <system-out><![CDATA[Back to the CoinTest
Second click CoinTest
]]></system-out>
  <system-err><![CDATA[???. 10, 2023 12:12:41 PM io.appium.java_client.remote.AppiumCommandExecutor$1 lambda$0
INFO: Detected dialect: W3C
???. 10, 2023 12:13:05 PM EventListener afterFindBy
INFO: Find element By.chained({By.AndroidUIAutomator: new UiSelector().textContains("???????")})
???. 10, 2023 12:13:32 PM EventListener afterFindBy
INFO: Find element By.chained({By.xpath: //android.widget.LinearLayout/android.view.ViewGroup/android.widget.ImageButton})
???. 10, 2023 12:13:53 PM EventListener afterFindBy
INFO: Find element By.chained({By.AndroidUIAutomator: new UiSelector().textContains("???????")})
]]></system-err>
</testsuite>
